1..24
File: /home/ubuntu/workspace/ImageMagick-6.9.3-8/Magick++/demo//model.miff
  TopLeftColor     = 
  TopRightColor    = 
  BottomLeftColor  = 
  BottomRightColor = 
  filter:brightness:mean = 31077.3
  filter:brightness:standard-deviation = 14635.5
  filter:brightness:kurtosis = 0.657217
  filter:brightness:skewness = 1.34114
  filter:saturation:mean = 14031.6
  filter:saturation:standard-deviation = 8379.05
  filter:saturation:kurtosis = 0.631727
  filter:saturation:skewness = 1.03422
Fontconfig warning: ignoring C.UTF-8: not a valid language tag
ok
PASS: Magick++/demo/demos.tap 1
Writing to "button_out.miff" ...
ok
PASS: Magick++/demo/demos.tap 2
Read images ...
Creating thumbnails...
  add noise ...
  add noise (blue) ...
Fontconfig warning: ignoring C.UTF-8: not a valid language tag
  annotate ...
  blur ...
  blur red channel ...
  border ...
  channel ...
  charcoal ...
  composite ...
  contrast ...
  convolve ...
  crop ...
  despeckle ...
  draw ...
  edge ...
  emboss ...
  equalize ...
  explode ...
  flip ...
  flop ...
  frame ...
  gamma ...
  gaussian blur ...
  gaussian blur channel ...
  gradient ...
  grayscale ...
  implode ...
  level ...
  level red channel ...
  median filter ...
  modulate ...
  monochrome ...
  motion blur ...
  negate ...
  normalize ...
  oil paint ...
  ordered dither 2x2 ...
  ordered dither 3x3...
  ordered dither 4x4...
  ordered dither red 4x4...
  plasma ...
  quantize ...
  quantum operator ...
  raise ...
  reduce noise ...
  resize ...
  roll ...
  rotate ...
  scale ...
  segment ...
  shade ...
  sharpen ...
  shave ...
  shear ...
  spread ...
  solarize ...
  swirl ...
  threshold ...
  threshold random ...
  unsharp mask ...
  wave ...
Montage images...
Adding logo image ...
Writing image "demo_out.miff" ...
ok
PASS: Magick++/demo/demos.tap 3
Writing image "flip_out.miff" ...
ok
PASS: Magick++/demo/demos.tap 4
Fontconfig warning: ignoring C.UTF-8: not a valid language tag
angle 0
angle 30
angle 60
angle 90
angle 120
angle 150
angle 180
angle 210
angle 240
angle 270
angle 300
angle 330
Writing image "gravity_out.miff" ...
Fontconfig warning: ignoring C.UTF-8: not a valid language tag
ok
PASS: Magick++/demo/demos.tap 5
Writing image "piddle_out.miff" ...
Writing MVG metafile "piddle_out.mvg" ...
Fontconfig warning: ignoring C.UTF-8: not a valid language tag
ok
PASS: Magick++/demo/demos.tap 6
Writing image "shapes_out.miff" ...
ok
PASS: Magick++/demo/demos.tap 7
ok
PASS: Magick++/demo/demos.tap 8
ok
PASS: Magick++/demo/demos.tap 9
ok
PASS: Magick++/demo/demos.tap 10
ok
PASS: Magick++/demo/demos.tap 11
ok
PASS: Magick++/demo/demos.tap 12
ok
PASS: Magick++/demo/demos.tap 13
ok
PASS: Magick++/demo/demos.tap 14
ok
PASS: Magick++/demo/demos.tap 15
ok
PASS: Magick++/demo/demos.tap 16
ok
PASS: Magick++/demo/demos.tap 17
ok
PASS: Magick++/demo/demos.tap 18
ok
PASS: Magick++/demo/demos.tap 19
ok
PASS: Magick++/demo/demos.tap 20
ok
PASS: Magick++/demo/demos.tap 21
ok
PASS: Magick++/demo/demos.tap 22
ok
PASS: Magick++/demo/demos.tap 23
ok
PASS: Magick++/demo/demos.tap 24
